0 info it worked if it ends with ok
1 verbose cli [ 'C:\\Program Files\\nodejs\\node.exe',
1 verbose cli   'C:\\Program Files\\nodejs\\node_modules\\npm\\bin\\npm-cli.js',
1 verbose cli   'run',
1 verbose cli   'lint' ]
2 info using npm@3.10.8
3 info using node@v6.9.1
4 verbose run-script [ 'prelint', 'lint', 'postlint' ]
5 info lifecycle flat-ui@1.0.0~prelint: flat-ui@1.0.0
6 silly lifecycle flat-ui@1.0.0~prelint: no script for prelint, continuing
7 info lifecycle flat-ui@1.0.0~lint: flat-ui@1.0.0
8 verbose lifecycle flat-ui@1.0.0~lint: unsafe-perm in lifecycle true
9 verbose lifecycle flat-ui@1.0.0~lint: PATH: C:\Program Files\nodejs\node_modules\npm\bin\node-gyp-bin;C:\Users\OEM\Desktop\frontend development\Учебные макеты\FlatUI\node_modules\.bin;C:\Program Files\Haskell Platform\7.10.3\lib\extralibs\bin;C:\Program Files\Haskell Platform\7.10.3\bin;C:\Program Files\Microsoft SQL Server\110\DTS\Binn\;C:\Program Files (x86)\Microsoft SQL Server\110\Tools\Binn\;C:\Program Files\Microsoft SQL Server\110\Tools\Binn\;C:\Program Files (x86)\Microsoft SQL Server\110\Tools\Binn\ManagementStudio\;C:\Program Files (x86)\Microsoft Visual Studio 10.0\Common7\IDE\PrivateAssemblies\;C:\Program Files (x86)\Microsoft SQL Server\110\DTS\Binn\;C:\Python34;C:\Python34\Scripts;C:\Program Files (x86)\MySQL\MySQL Fabric 1.5 & MySQL Utilities 1.5\;C:\Program Files (x86)\MySQL\MySQL Fabric 1.5 & MySQL Utilities 1.5\Doctrine extensions for PHP\;C:\Program Files (x86)\scala\bin;C:\Program Files\Haskell Platform\7.10.3\mingw\bin;C:\xampp\php;C:\Program Files\Oracle\VirtualBox;C:\HashiCorp\Vagrant\bin;~/.composer/vendor/bin;C:\Program Files (x86)\Skype\Phone\;C:\Program Files (x86)\GtkSharp\2.12\bin;C:\Program Files\Microsoft SQL Server\120\Tools\Binn\;C:\Program Files\Microsoft SQL Server\130\Tools\Binn\;C:\Program Files (x86)\Windows Kits\10\Windows Performance Toolkit\;C:\Program Files\Git\cmd;C:\Users\OEM\AppData\Local\Android\sdk\tools; C:\Users\OEM\AppData\Local\Android\sdk\tools\lib; C:\Users\OEM\AppData\Local\Android\sdk\platform-tools;C:\apache-ant-1.9.7-bin\apache-ant-1.9.7\bin;C:\Users\OEM\AppData\Roaming\npm;C:\Users\OEM\AppData\Roaming\npm\node_modules\cordova;C:\Users\OEM\AppData\Roaming\npm\node_modules;C:\Program Files\Git;C:\Program Files\nodejs;C:\Windows\System32; C:\Windows\System32\wbem; C:\Windows; C:\Program Files (x86)\Java\jdk1.8.0_111\bin; C:\Program Files (x86)\Java\jdk1.8.0_111;C:\Users\OEM\AppData\Local\Android\sdk; C:\Users\OEM\AppData\Local\Android\sdk\platforms\android-24;C:\Users\OEM\Downloads\phantomjs-2.1.1-windows\phantomjs-2.1.1-windows\bin;C:\Program Files (x86)\Brackets\command;C:\Windows\System32;C:\Windows\System32\wbem;C:\Users\OEM\AppData\Roaming\npm;C:\Users\OEM\AppData\Local\Android\sdk\tools;C:\Users\OEM\AppData\Local\Android\sdk\tools\lib;C:\Users\OEM\AppData\Local\Android\sdk\platform-tools;C:\Users\OEM\AppData\Local\Android\sdk;C:\Program Files (x86)\Java\jdk1.8.0_111\bin;C:\Program Files (x86)\Java\jdk1.8.0_111; C:\Program Files\nodejs; C:\Users\OEM\AppData\Local\Android\sdk\platforms\android-24;C:\Users\OEM\Downloads\phantomjs-2.1.1-windows\phantomjs-2.1.1-windows\bin;;C:\Program Files (x86)\Microsoft VS Code\bin
10 verbose lifecycle flat-ui@1.0.0~lint: CWD: C:\Users\OEM\Desktop\frontend development\Учебные макеты\FlatUI
11 silly lifecycle flat-ui@1.0.0~lint: Args: [ '/d /s /c',
11 silly lifecycle   'eslint ./web_modules/ ./pages ./webpack.config.js' ]
12 silly lifecycle flat-ui@1.0.0~lint: Returned: code: 1  signal: null
13 info lifecycle flat-ui@1.0.0~lint: Failed to exec lint script
14 verbose stack Error: flat-ui@1.0.0 lint: `eslint ./web_modules/ ./pages ./webpack.config.js`
14 verbose stack Exit status 1
14 verbose stack     at EventEmitter.<anonymous> (C:\Program Files\nodejs\node_modules\npm\lib\utils\lifecycle.js:255:16)
14 verbose stack     at emitTwo (events.js:106:13)
14 verbose stack     at EventEmitter.emit (events.js:191:7)
14 verbose stack     at ChildProcess.<anonymous> (C:\Program Files\nodejs\node_modules\npm\lib\utils\spawn.js:40:14)
14 verbose stack     at emitTwo (events.js:106:13)
14 verbose stack     at ChildProcess.emit (events.js:191:7)
14 verbose stack     at maybeClose (internal/child_process.js:877:16)
14 verbose stack     at Process.ChildProcess._handle.onexit (internal/child_process.js:226:5)
15 verbose pkgid flat-ui@1.0.0
16 verbose cwd C:\Users\OEM\Desktop\frontend development\Учебные макеты\FlatUI
17 error Windows_NT 6.1.7601
18 error argv "C:\\Program Files\\nodejs\\node.exe" "C:\\Program Files\\nodejs\\node_modules\\npm\\bin\\npm-cli.js" "run" "lint"
19 error node v6.9.1
20 error npm  v3.10.8
21 error code ELIFECYCLE
22 error flat-ui@1.0.0 lint: `eslint ./web_modules/ ./pages ./webpack.config.js`
22 error Exit status 1
23 error Failed at the flat-ui@1.0.0 lint script 'eslint ./web_modules/ ./pages ./webpack.config.js'.
23 error Make sure you have the latest version of node.js and npm installed.
23 error If you do, this is most likely a problem with the flat-ui package,
23 error not with npm itself.
23 error Tell the author that this fails on your system:
23 error     eslint ./web_modules/ ./pages ./webpack.config.js
23 error You can get information on how to open an issue for this project with:
23 error     npm bugs flat-ui
23 error Or if that isn't available, you can get their info via:
23 error     npm owner ls flat-ui
23 error There is likely additional logging output above.
24 verbose exit [ 1, true ]
